<?xml version="1.0" encoding="UTF-8" ?>
<testsuite tests="24" failures="0" name="com.kabir.scientificcalculator.SciCalculatorTest" time="4.102" errors="0" skipped="0">
  <properties>
    <property name="java.runtime.name" value="Java(TM) SE Runtime Environment"/>
    <property name="sun.boot.library.path" value="C:\Program Files\Java\jdk1.8.0_111\jre\bin"/>
    <property name="java.vm.version" value="25.111-b14"/>
    <property name="java.vm.vendor" value="Oracle Corporation"/>
    <property name="java.vendor.url" value="http://java.oracle.com/"/>
    <property name="path.separator" value=";"/>
    <property name="guice.disable.misplaced.annotation.check" value="true"/>
    <property name="java.vm.name" value="Java HotSpot(TM) 64-Bit Server VM"/>
    <property name="file.encoding.pkg" value="sun.io"/>
    <property name="user.script" value=""/>
    <property name="user.country" value="US"/>
    <property name="sun.java.launcher" value="SUN_STANDARD"/>
    <property name="sun.os.patch.level" value=""/>
    <property name="java.vm.specification.name" value="Java Virtual Machine Specification"/>
    <property name="user.dir" value="C:\Users\Ziaul\Desktop\kabirs-assignment\scientificcalculator"/>
    <property name="java.runtime.version" value="1.8.0_111-b14"/>
    <property name="java.awt.graphicsenv" value="sun.awt.Win32GraphicsEnvironment"/>
    <property name="java.endorsed.dirs" value="C:\Program Files\Java\jdk1.8.0_111\jre\lib\endorsed"/>
    <property name="os.arch" value="amd64"/>
    <property name="java.io.tmpdir" value="C:\Users\Ziaul\AppData\Local\Temp\"/>
    <property name="line.separator" value="
"/>
    <property name="java.vm.specification.vendor" value="Oracle Corporation"/>
    <property name="user.variant" value=""/>
    <property name="os.name" value="Windows 10"/>
    <property name="classworlds.conf" value="E:\Software\apache-maven\bin\m2.conf"/>
    <property name="sun.jnu.encoding" value="Cp1252"/>
    <property name="java.library.path" value="C:\Program Files\Java\jdk1.8.0_111\bin;C:\WINDOWS\Sun\Java\bin;C:\WINDOWS\system32;C:\WINDOWS;C:\Program Files\ConEmu;C:\Program Files\ConEmu\ConEmu;C:\Python27\;C:\Python27\Scripts;C:\ProgramData\Oracle\Java\javapath;c:\Program Files (x86)\Intel\iCLS Client\;c:\Program Files\Intel\iCLS Client\;C:\WINDOWS\system32;C:\WINDOWS;C:\WINDOWS\System32\Wbem;C:\WINDOWS\System32\WindowsPowerShell\v1.0\;C:\Program Files\Intel\Intel(R) Management Engine Components\DAL;C:\Program Files\Intel\Intel(R) Management Engine Components\IPT;C:\Program Files (x86)\Intel\Intel(R) Management Engine Components\DAL;C:\Program Files (x86)\Intel\Intel(R) Management Engine Components\IPT;C:\Program Files (x86)\Intel\OpenCL SDK\3.0\bin\x86;C:\Program Files (x86)\Intel\OpenCL SDK\3.0\bin\x64;C:\Program Files (x86)\Windows Live\Shared;C:\Program Files\Intel\WiFi\bin\;C:\Program Files\Common Files\Intel\WirelessCommon\;C:\Program Files\Java\jdk1.8.0_111;E:\Software\apache-maven\bin;E:\Libraries\gradle-4.6\bin;C:\Program Files (x86)\MySQL\MySQL Fabric 1.5 &amp; MySQL Utilities 1.5\;C:\Program Files (x86)\MySQL\MySQL Fabric 1.5 &amp; MySQL Utilities 1.5\Doctrine extensions for PHP\;C:\Program Files\Git\cmd;C:\Users\Ziaul\.dnx\bin;C:\Program Files\Microsoft DNX\Dnvm\;C:\Program Files\MiKTeX 2.9\miktex\bin\x64\;C:\WINDOWS\system32;C:\WINDOWS;C:\WINDOWS\System32\Wbem;C:\WINDOWS\System32\WindowsPowerShell\v1.0\;C:\WINDOWS\System32\OpenSSH\;C:\Program Files\IBM\SPSS\Statistics\25\JRE\bin;C:\Program Files\nodejs\;C:\ProgramData\chocolatey\bin;C:\Program Files (x86)\Yarn\bin\;C:\Users\Ziaul\AppData\Local\Programs\Python\Python35\Scripts\;C:\Users\Ziaul\AppData\Local\Programs\Python\Python35\;C:\Users\Ziaul\AppData\Local\atom\bin;%OPENCV_DIR\bin%;C:\Users\Ziaul\AppData\Local\Microsoft\WindowsApps;E:\Server\apache-cassandra-3.11.3\bin;C:\Users\Ziaul\AppData\Roaming\npm;C:\Users\Ziaul\AppData\Local\Yarn\bin;."/>
    <property name="java.specification.name" value="Java Platform API Specification"/>
    <property name="java.class.version" value="52.0"/>
    <property name="sun.management.compiler" value="HotSpot 64-Bit Tiered Compilers"/>
    <property name="os.version" value="10.0"/>
    <property name="user.home" value="C:\Users\Ziaul"/>
    <property name="user.timezone" value="Europe/Berlin"/>
    <property name="java.awt.printerjob" value="sun.awt.windows.WPrinterJob"/>
    <property name="java.specification.version" value="1.8"/>
    <property name="file.encoding" value="Cp1252"/>
    <property name="user.name" value="Ziaul"/>
    <property name="java.class.path" value="E:\Software\apache-maven\boot\plexus-classworlds-2.5.1.jar"/>
    <property name="java.vm.specification.version" value="1.8"/>
    <property name="sun.arch.data.model" value="64"/>
    <property name="java.home" value="C:\Program Files\Java\jdk1.8.0_111\jre"/>
    <property name="sun.java.command" value="org.codehaus.plexus.classworlds.launcher.Launcher package"/>
    <property name="java.specification.vendor" value="Oracle Corporation"/>
    <property name="user.language" value="en"/>
    <property name="awt.toolkit" value="sun.awt.windows.WToolkit"/>
    <property name="java.vm.info" value="mixed mode"/>
    <property name="java.version" value="1.8.0_111"/>
    <property name="java.ext.dirs" value="C:\Program Files\Java\jdk1.8.0_111\jre\lib\ext;C:\WINDOWS\Sun\Java\lib\ext"/>
    <property name="sun.boot.class.path" value="C:\Program Files\Java\jdk1.8.0_111\jre\lib\resources.jar;C:\Program Files\Java\jdk1.8.0_111\jre\lib\rt.jar;C:\Program Files\Java\jdk1.8.0_111\jre\lib\sunrsasign.jar;C:\Program Files\Java\jdk1.8.0_111\jre\lib\jsse.jar;C:\Program Files\Java\jdk1.8.0_111\jre\lib\jce.jar;C:\Program Files\Java\jdk1.8.0_111\jre\lib\charsets.jar;C:\Program Files\Java\jdk1.8.0_111\jre\lib\jfr.jar;C:\Program Files\Java\jdk1.8.0_111\jre\classes"/>
    <property name="sun.stderr.encoding" value="cp437"/>
    <property name="java.vendor" value="Oracle Corporation"/>
    <property name="maven.home" value="E:\Software\apache-maven"/>
    <property name="file.separator" value="\"/>
    <property name="java.vendor.url.bug" value="http://bugreport.sun.com/bugreport/"/>
    <property name="sun.cpu.endian" value="little"/>
    <property name="sun.io.unicode.encoding" value="UnicodeLittle"/>
    <property name="sun.stdout.encoding" value="cp437"/>
    <property name="sun.desktop" value="windows"/>
    <property name="sun.cpu.isalist" value="amd64"/>
  </properties>
  <testcase classname="com.kabir.scientificcalculator.SciCalculatorTest" name="testCreateValidAdvancedOperationButton" time="0.176"/>
  <testcase classname="com.kabir.scientificcalculator.SciCalculatorTest" name="testSinAdvancedOperationButtonPressed" time="0.239"/>
  <testcase classname="com.kabir.scientificcalculator.SciCalculatorTest" name="testCreateBackButton" time="0.007"/>
  <testcase classname="com.kabir.scientificcalculator.SciCalculatorTest" name="testCreateFrame" time="0.007"/>
  <testcase classname="com.kabir.scientificcalculator.SciCalculatorTest" name="testTanhAdvancedOperationButtonPressed" time="0.209"/>
  <testcase classname="com.kabir.scientificcalculator.SciCalculatorTest" name="testEqualsButtonForSubtractionPressed" time="0.417"/>
  <testcase classname="com.kabir.scientificcalculator.SciCalculatorTest" name="testEqualsButtonForDivisionPressed" time="0.444"/>
  <testcase classname="com.kabir.scientificcalculator.SciCalculatorTest" name="testTanAdvancedOperationButtonPressed" time="0.214"/>
  <testcase classname="com.kabir.scientificcalculator.SciCalculatorTest" name="testCreateInvalidAdvancedOperationButton" time="0.013"/>
  <testcase classname="com.kabir.scientificcalculator.SciCalculatorTest" name="testCreateDotButton" time="0.011"/>
  <testcase classname="com.kabir.scientificcalculator.SciCalculatorTest" name="testEqualsButtonForAdditionPressed" time="0.419"/>
  <testcase classname="com.kabir.scientificcalculator.SciCalculatorTest" name="testCreateClearButton" time="0.004"/>
  <testcase classname="com.kabir.scientificcalculator.SciCalculatorTest" name="testPiAdvancedOperationButtonPressed" time="0.108"/>
  <testcase classname="com.kabir.scientificcalculator.SciCalculatorTest" name="testEqualsButtonForMultiplicationPressed" time="0.412"/>
  <testcase classname="com.kabir.scientificcalculator.SciCalculatorTest" name="testCreateNumberButton" time="0.01"/>
  <testcase classname="com.kabir.scientificcalculator.SciCalculatorTest" name="testPowerOfThreeAdvancedOperationButtonPressed" time="0.213"/>
  <testcase classname="com.kabir.scientificcalculator.SciCalculatorTest" name="testCoshAdvancedOperationButtonPressed" time="0.206"/>
  <testcase classname="com.kabir.scientificcalculator.SciCalculatorTest" name="testNumberTenButtonPressed" time="0.128"/>
  <testcase classname="com.kabir.scientificcalculator.SciCalculatorTest" name="testSquareAdvancedOperationButtonPressed" time="0.213"/>
  <testcase classname="com.kabir.scientificcalculator.SciCalculatorTest" name="testCreateDisplay" time="0.014"/>
  <testcase classname="com.kabir.scientificcalculator.SciCalculatorTest" name="testCosAdvancedOperationButtonPressed" time="0.203"/>
  <testcase classname="com.kabir.scientificcalculator.SciCalculatorTest" name="testBackButtonPressed" time="0.215"/>
  <testcase classname="com.kabir.scientificcalculator.SciCalculatorTest" name="testSinhAdvancedOperationButtonPressed" time="0.214"/>
  <testcase classname="com.kabir.scientificcalculator.SciCalculatorTest" name="testCreateOperationButton" time="0.006"/>
</testsuite>